action: GLOB, msg: packaging
cwd: /home/anders/work/iscedxreports
cmd: /home/anders/ve/bin/python setup.py sdist --formats=zip --dist-dir .tox/dist
running sdist
running egg_info
writing iscedxreports.egg-info/PKG-INFO
writing dependency_links to iscedxreports.egg-info/dependency_links.txt
writing entry points to iscedxreports.egg-info/entry_points.txt
writing top-level names to iscedxreports.egg-info/top_level.txt
reading manifest file 'iscedxreports.egg-info/SOURCES.txt'
writing manifest file 'iscedxreports.egg-info/SOURCES.txt'
running check
creating iscedxreports-2.0.1
creating iscedxreports-2.0.1/iscedxreports
creating iscedxreports-2.0.1/iscedxreports.egg-info
creating iscedxreports-2.0.1/iscedxreports/management
creating iscedxreports-2.0.1/iscedxreports/management/commands
creating iscedxreports-2.0.1/iscedxreports/settings
copying files to iscedxreports-2.0.1...
copying README.md -> iscedxreports-2.0.1
copying setup.cfg -> iscedxreports-2.0.1
copying setup.py -> iscedxreports-2.0.1
copying iscedxreports/__init__.py -> iscedxreports-2.0.1/iscedxreports
copying iscedxreports/admin.py -> iscedxreports-2.0.1/iscedxreports
copying iscedxreports/apps.py -> iscedxreports-2.0.1/iscedxreports
copying iscedxreports/handlers.py -> iscedxreports-2.0.1/iscedxreports
copying iscedxreports/models.py -> iscedxreports-2.0.1/iscedxreports
copying iscedxreports/tabs.py -> iscedxreports-2.0.1/iscedxreports
copying iscedxreports/tasks.py -> iscedxreports-2.0.1/iscedxreports
copying iscedxreports/tests.py -> iscedxreports-2.0.1/iscedxreports
copying iscedxreports/urls.py -> iscedxreports-2.0.1/iscedxreports
copying iscedxreports/views.py -> iscedxreports-2.0.1/iscedxreports
copying iscedxreports.egg-info/PKG-INFO -> iscedxreports-2.0.1/iscedxreports.egg-info
copying iscedxreports.egg-info/SOURCES.txt -> iscedxreports-2.0.1/iscedxreports.egg-info
copying iscedxreports.egg-info/dependency_links.txt -> iscedxreports-2.0.1/iscedxreports.egg-info
copying iscedxreports.egg-info/entry_points.txt -> iscedxreports-2.0.1/iscedxreports.egg-info
copying iscedxreports.egg-info/top_level.txt -> iscedxreports-2.0.1/iscedxreports.egg-info
copying iscedxreports/management/__init__.py -> iscedxreports-2.0.1/iscedxreports/management
copying iscedxreports/management/commands/__init__.py -> iscedxreports-2.0.1/iscedxreports/management/commands
copying iscedxreports/management/commands/isc_course_participation.py -> iscedxreports-2.0.1/iscedxreports/management/commands
copying iscedxreports/settings/__init__.py -> iscedxreports-2.0.1/iscedxreports/settings
copying iscedxreports/settings/common.py -> iscedxreports-2.0.1/iscedxreports/settings
copying iscedxreports/settings/lms_production.py -> iscedxreports-2.0.1/iscedxreports/settings
Writing iscedxreports-2.0.1/setup.cfg
creating '.tox/dist/iscedxreports-2.0.1.zip' and adding 'iscedxreports-2.0.1' to it
adding 'iscedxreports-2.0.1'
adding 'iscedxreports-2.0.1/iscedxreports'
adding 'iscedxreports-2.0.1/iscedxreports.egg-info'
adding 'iscedxreports-2.0.1/README.md'
adding 'iscedxreports-2.0.1/setup.cfg'
adding 'iscedxreports-2.0.1/setup.py'
adding 'iscedxreports-2.0.1/PKG-INFO'
adding 'iscedxreports-2.0.1/iscedxreports/management'
adding 'iscedxreports-2.0.1/iscedxreports/settings'
adding 'iscedxreports-2.0.1/iscedxreports/urls.py'
adding 'iscedxreports-2.0.1/iscedxreports/tabs.py'
adding 'iscedxreports-2.0.1/iscedxreports/handlers.py'
adding 'iscedxreports-2.0.1/iscedxreports/models.py'
adding 'iscedxreports-2.0.1/iscedxreports/admin.py'
adding 'iscedxreports-2.0.1/iscedxreports/tasks.py'
adding 'iscedxreports-2.0.1/iscedxreports/tests.py'
adding 'iscedxreports-2.0.1/iscedxreports/views.py'
adding 'iscedxreports-2.0.1/iscedxreports/apps.py'
adding 'iscedxreports-2.0.1/iscedxreports/__init__.py'
adding 'iscedxreports-2.0.1/iscedxreports/management/commands'
adding 'iscedxreports-2.0.1/iscedxreports/management/__init__.py'
adding 'iscedxreports-2.0.1/iscedxreports/management/commands/isc_course_participation.py'
adding 'iscedxreports-2.0.1/iscedxreports/management/commands/__init__.py'
adding 'iscedxreports-2.0.1/iscedxreports/settings/lms_production.py'
adding 'iscedxreports-2.0.1/iscedxreports/settings/common.py'
adding 'iscedxreports-2.0.1/iscedxreports/settings/__init__.py'
adding 'iscedxreports-2.0.1/iscedxreports.egg-info/top_level.txt'
adding 'iscedxreports-2.0.1/iscedxreports.egg-info/entry_points.txt'
adding 'iscedxreports-2.0.1/iscedxreports.egg-info/SOURCES.txt'
adding 'iscedxreports-2.0.1/iscedxreports.egg-info/dependency_links.txt'
adding 'iscedxreports-2.0.1/iscedxreports.egg-info/PKG-INFO'
removing 'iscedxreports-2.0.1' (and everything under it)
